TN:
SF:src/use_cases/submit_feedback_use_case.ts
FN:14,SubmitFeedbackUseCase
FN:19,execute
FNF:2
FNH:2
FNDA:1,SubmitFeedbackUseCase
FNDA:4,execute
DA:1,1
DA:2,1
DA:3,1
DA:4,1
DA:5,1
DA:6,1
DA:7,1
DA:8,1
DA:9,1
DA:10,1
DA:11,1
DA:12,1
DA:13,1
DA:14,1
DA:15,1
DA:16,1
DA:17,1
DA:18,1
DA:19,1
DA:20,4
DA:21,4
DA:22,4
DA:23,2
DA:24,2
DA:25,2
DA:26,4
DA:27,1
DA:28,1
DA:29,1
DA:30,1
DA:31,1
DA:32,1
DA:33,1
DA:34,1
DA:35,1
DA:36,1
DA:37,1
DA:38,1
DA:39,1
DA:40,1
DA:41,1
DA:42,1
DA:43,1
DA:44,1
DA:45,1
DA:46,1
DA:47,1
LF:47
LH:47
BRDA:14,0,0,1
BRDA:19,1,0,4
BRDA:22,2,0,3
BRDA:22,3,0,2
BRDA:26,4,0,1
BRF:5
BRH:5
end_of_record
